<?xml version="1.0" encoding="UTF-8"?>
<!-- Generated by org.testng.reporters.JUnitXMLReporter -->
<testsuite hostname="PhilipS-MacBookPro.local" name="Q4TouchTestNG" tests="3" failures="0" timestamp="31 Aug 2015 15:32:43 GMT" time="1241.998" errors="0">
  <testcase name="LeftMenuItemsTest" time="454.135" classname="q4TouchTest.LeftMenuItems"/>
  <testcase name="ChangePasswordTest" time="530.224" classname="q4TouchTest.ChangePassword"/>
  <testcase name="EditProfilePageTest" time="220.051" classname="q4TouchTest.EditProfilePage"/>
</testsuite> <!-- Q4TouchTestNG -->
