<?xml version="1.0" encoding="UTF-8"?>
<!-- Generated by org.testng.reporters.JUnitXMLReporter -->
<testsuite hostname="PhilipS-MacBookPro.local" name="parallel-test-chrome" tests="3" failures="0" timestamp="22 Sep 2015 17:46:08 GMT" time="7.095" errors="0">
  <testcase name="parallelSeleniumTest" time="3.084" classname="q4WebTest.ParallelTest"/>
  <testcase name="parallelSeleniumTest" time="4.744" classname="q4WebTest.ParallelTest"/>
  <testcase name="parallelSeleniumTest" time="7.021" classname="q4WebTest.ParallelTest"/>
</testsuite> <!-- parallel-test-chrome -->
