<?xml version="1.0" encoding="UTF-8"?>
<testsuite name="TestSuite" time="147.542" tests="39" errors="0" skipped="0" failures="0">
  <properties>
[...]
</properties>
  <testcase name="Q4Web_SmokeMigrationTest" classname="q4WebTest.ThreadLocalDemo" time="13.79"/>
  <testcase name="Q4Web_SmokeMigrationTest" classname="q4WebTest.ThreadLocalDemo" time="1.842"/>
  <testcase name="Q4Web_SmokeMigrationTest" classname="q4WebTest.ThreadLocalDemo" time="3.126"/>
  <testcase name="Q4Web_SmokeMigrationTest" classname="q4WebTest.ThreadLocalDemo" time="2.365"/>
  <testcase name="Q4Web_SmokeMigrationTest" classname="q4WebTest.ThreadLocalDemo" time="3.533"/>
  <testcase name="Q4Web_SmokeMigrationTest" classname="q4WebTest.ThreadLocalDemo" time="0.386"/>
  <testcase name="Q4Web_SmokeMigrationTest" classname="q4WebTest.ThreadLocalDemo" time="2.135"/>
  <testcase name="Q4Web_SmokeMigrationTest" classname="q4WebTest.ThreadLocalDemo" time="0.239"/>
  <testcase name="Q4Web_SmokeMigrationTest" classname="q4WebTest.ThreadLocalDemo" time="4.955"/>
  <testcase name="Q4Web_SmokeMigrationTest" classname="q4WebTest.ThreadLocalDemo" time="2.533"/>
  <testcase name="Q4Web_SmokeMigrationTest" classname="q4WebTest.ThreadLocalDemo" time="1.379"/>
  <testcase name="Q4Web_SmokeMigrationTest" classname="q4WebTest.ThreadLocalDemo" time="4.609"/>
  <testcase name="Q4Web_SmokeMigrationTest" classname="q4WebTest.ThreadLocalDemo" time="0.274"/>
  <testcase name="Q4Web_SmokeMigrationTest" classname="q4WebTest.ThreadLocalDemo" time="1.405"/>
  <testcase name="Q4Web_SmokeMigrationTest" classname="q4WebTest.ThreadLocalDemo" time="1.872"/>
  <testcase name="Q4Web_SmokeMigrationTest" classname="q4WebTest.ThreadLocalDemo" time="2.757"/>
  <testcase name="Q4Web_SmokeMigrationTest" classname="q4WebTest.ThreadLocalDemo" time="1.768"/>
  <testcase name="Q4Web_SmokeMigrationTest" classname="q4WebTest.ThreadLocalDemo" time="5.403"/>
  <testcase name="Q4Web_SmokeMigrationTest" classname="q4WebTest.ThreadLocalDemo" time="1.307"/>
  <testcase name="Q4Web_SmokeMigrationTest" classname="q4WebTest.ThreadLocalDemo" time="7.386"/>
  <testcase name="Q4Web_SmokeMigrationTest" classname="q4WebTest.ThreadLocalDemo" time="2.157"/>
  <testcase name="Q4Web_SmokeMigrationTest" classname="q4WebTest.ThreadLocalDemo" time="8.202"/>
  <testcase name="Q4Web_SmokeMigrationTest" classname="q4WebTest.ThreadLocalDemo" time="2.343"/>
  <testcase name="Q4Web_SmokeMigrationTest" classname="q4WebTest.ThreadLocalDemo" time="0.263"/>
  <testcase name="Q4Web_SmokeMigrationTest" classname="q4WebTest.ThreadLocalDemo" time="0.05"/>
  <testcase name="Q4Web_SmokeMigrationTest" classname="q4WebTest.ThreadLocalDemo" time="0.781"/>
  <testcase name="Q4Web_SmokeMigrationTest" classname="q4WebTest.ThreadLocalDemo" time="5.034"/>
  <testcase name="Q4Web_SmokeMigrationTest" classname="q4WebTest.ThreadLocalDemo" time="2.444"/>
  <testcase name="Q4Web_SmokeMigrationTest" classname="q4WebTest.ThreadLocalDemo" time="1.395"/>
  <testcase name="Q4Web_SmokeMigrationTest" classname="q4WebTest.ThreadLocalDemo" time="0.144"/>
  <testcase name="Q4Web_SmokeMigrationTest" classname="q4WebTest.ThreadLocalDemo" time="3.797"/>
  <testcase name="Q4Web_SmokeMigrationTest" classname="q4WebTest.ThreadLocalDemo" time="2.87"/>
  <testcase name="Q4Web_SmokeMigrationTest" classname="q4WebTest.ThreadLocalDemo" time="1.691"/>
  <testcase name="Q4Web_SmokeMigrationTest" classname="q4WebTest.ThreadLocalDemo" time="2.859"/>
  <testcase name="Q4Web_SmokeMigrationTest" classname="q4WebTest.ThreadLocalDemo" time="2.372"/>
  <testcase name="Q4Web_SmokeMigrationTest" classname="q4WebTest.ThreadLocalDemo" time="6.92"/>
  <testcase name="Q4Web_SmokeMigrationTest" classname="q4WebTest.ThreadLocalDemo" time="8.605"/>
  <testcase name="Q4Web_SmokeMigrationTest" classname="q4WebTest.ThreadLocalDemo" time="9.025"/>
  <testcase name="Q4Web_SmokeMigrationTest" classname="q4WebTest.ThreadLocalDemo" time="23.526"/>
</testsuite>